[PngImagePlugin.py:198] - 2024-11-25 18:50:17,602 - DEBUG - STREAM b'IHDR' 16 13
[PngImagePlugin.py:198] - 2024-11-25 18:50:17,602 - DEBUG - STREAM b'sRGB' 41 1
[PngImagePlugin.py:198] - 2024-11-25 18:50:17,602 - DEBUG - STREAM b'IDAT' 54 8192
[PngImagePlugin.py:198] - 2024-11-25 18:50:17,603 - DEBUG - STREAM b'IHDR' 16 13
[PngImagePlugin.py:198] - 2024-11-25 18:50:17,603 - DEBUG - STREAM b'sRGB' 41 1
[PngImagePlugin.py:198] - 2024-11-25 18:50:17,603 - DEBUG - STREAM b'IDAT' 54 8192
[PngImagePlugin.py:198] - 2024-11-25 18:50:17,603 - DEBUG - STREAM b'IHDR' 16 13
[PngImagePlugin.py:198] - 2024-11-25 18:50:17,603 - DEBUG - STREAM b'sRGB' 41 1
[PngImagePlugin.py:198] - 2024-11-25 18:50:17,603 - DEBUG - STREAM b'IDAT' 54 8192
[PngImagePlugin.py:198] - 2024-11-25 18:50:17,605 - DEBUG - STREAM b'IHDR' 16 13
[PngImagePlugin.py:198] - 2024-11-25 18:50:17,605 - DEBUG - STREAM b'sRGB' 41 1
[PngImagePlugin.py:198] - 2024-11-25 18:50:17,605 - DEBUG - STREAM b'gAMA' 54 4
[PngImagePlugin.py:198] - 2024-11-25 18:50:17,605 - DEBUG - STREAM b'pHYs' 70 9
[PngImagePlugin.py:198] - 2024-11-25 18:50:17,605 - DEBUG - STREAM b'IDAT' 91 766
[PngImagePlugin.py:198] - 2024-11-25 18:50:17,605 - DEBUG - STREAM b'IHDR' 16 13
[PngImagePlugin.py:198] - 2024-11-25 18:50:17,605 - DEBUG - STREAM b'sRGB' 41 1
[PngImagePlugin.py:198] - 2024-11-25 18:50:17,605 - DEBUG - STREAM b'gAMA' 54 4
[PngImagePlugin.py:198] - 2024-11-25 18:50:17,605 - DEBUG - STREAM b'pHYs' 70 9
[PngImagePlugin.py:198] - 2024-11-25 18:50:17,605 - DEBUG - STREAM b'IDAT' 91 601
[PngImagePlugin.py:198] - 2024-11-25 18:50:17,606 - DEBUG - STREAM b'IHDR' 16 13
[PngImagePlugin.py:198] - 2024-11-25 18:50:17,606 - DEBUG - STREAM b'sRGB' 41 1
[PngImagePlugin.py:198] - 2024-11-25 18:50:17,606 - DEBUG - STREAM b'gAMA' 54 4
[PngImagePlugin.py:198] - 2024-11-25 18:50:17,606 - DEBUG - STREAM b'pHYs' 70 9
[PngImagePlugin.py:198] - 2024-11-25 18:50:17,606 - DEBUG - STREAM b'IDAT' 91 1063
[PngImagePlugin.py:198] - 2024-11-25 18:53:18,137 - DEBUG - STREAM b'IHDR' 16 13
[PngImagePlugin.py:198] - 2024-11-25 18:53:18,137 - DEBUG - STREAM b'sRGB' 41 1
[PngImagePlugin.py:198] - 2024-11-25 18:53:18,137 - DEBUG - STREAM b'IDAT' 54 8192
[PngImagePlugin.py:198] - 2024-11-25 18:53:18,137 - DEBUG - STREAM b'IHDR' 16 13
[PngImagePlugin.py:198] - 2024-11-25 18:53:18,137 - DEBUG - STREAM b'sRGB' 41 1
[PngImagePlugin.py:198] - 2024-11-25 18:53:18,137 - DEBUG - STREAM b'IDAT' 54 8192
[PngImagePlugin.py:198] - 2024-11-25 18:53:18,138 - DEBUG - STREAM b'IHDR' 16 13
[PngImagePlugin.py:198] - 2024-11-25 18:53:18,138 - DEBUG - STREAM b'sRGB' 41 1
[PngImagePlugin.py:198] - 2024-11-25 18:53:18,138 - DEBUG - STREAM b'IDAT' 54 8192
[PngImagePlugin.py:198] - 2024-11-25 18:53:18,138 - DEBUG - STREAM b'IHDR' 16 13
[PngImagePlugin.py:198] - 2024-11-25 18:53:18,138 - DEBUG - STREAM b'sRGB' 41 1
[PngImagePlugin.py:198] - 2024-11-25 18:53:18,138 - DEBUG - STREAM b'gAMA' 54 4
[PngImagePlugin.py:198] - 2024-11-25 18:53:18,138 - DEBUG - STREAM b'pHYs' 70 9
[PngImagePlugin.py:198] - 2024-11-25 18:53:18,138 - DEBUG - STREAM b'IDAT' 91 766
[PngImagePlugin.py:198] - 2024-11-25 18:53:18,138 - DEBUG - STREAM b'IHDR' 16 13
[PngImagePlugin.py:198] - 2024-11-25 18:53:18,138 - DEBUG - STREAM b'sRGB' 41 1
[PngImagePlugin.py:198] - 2024-11-25 18:53:18,138 - DEBUG - STREAM b'gAMA' 54 4
[PngImagePlugin.py:198] - 2024-11-25 18:53:18,138 - DEBUG - STREAM b'pHYs' 70 9
[PngImagePlugin.py:198] - 2024-11-25 18:53:18,138 - DEBUG - STREAM b'IDAT' 91 601
[PngImagePlugin.py:198] - 2024-11-25 18:53:18,139 - DEBUG - STREAM b'IHDR' 16 13
[PngImagePlugin.py:198] - 2024-11-25 18:53:18,139 - DEBUG - STREAM b'sRGB' 41 1
[PngImagePlugin.py:198] - 2024-11-25 18:53:18,139 - DEBUG - STREAM b'gAMA' 54 4
[PngImagePlugin.py:198] - 2024-11-25 18:53:18,139 - DEBUG - STREAM b'pHYs' 70 9
[PngImagePlugin.py:198] - 2024-11-25 18:53:18,139 - DEBUG - STREAM b'IDAT' 91 1063
[PngImagePlugin.py:198] - 2024-11-25 18:58:01,917 - DEBUG - STREAM b'IHDR' 16 13
[PngImagePlugin.py:198] - 2024-11-25 18:58:01,917 - DEBUG - STREAM b'sRGB' 41 1
[PngImagePlugin.py:198] - 2024-11-25 18:58:01,917 - DEBUG - STREAM b'IDAT' 54 8192
[PngImagePlugin.py:198] - 2024-11-25 18:58:01,918 - DEBUG - STREAM b'IHDR' 16 13
[PngImagePlugin.py:198] - 2024-11-25 18:58:01,918 - DEBUG - STREAM b'sRGB' 41 1
[PngImagePlugin.py:198] - 2024-11-25 18:58:01,918 - DEBUG - STREAM b'IDAT' 54 8192
[PngImagePlugin.py:198] - 2024-11-25 18:58:01,918 - DEBUG - STREAM b'IHDR' 16 13
[PngImagePlugin.py:198] - 2024-11-25 18:58:01,918 - DEBUG - STREAM b'sRGB' 41 1
[PngImagePlugin.py:198] - 2024-11-25 18:58:01,918 - DEBUG - STREAM b'IDAT' 54 8192
[PngImagePlugin.py:198] - 2024-11-25 18:58:01,919 - DEBUG - STREAM b'IHDR' 16 13
[PngImagePlugin.py:198] - 2024-11-25 18:58:01,919 - DEBUG - STREAM b'sRGB' 41 1
[PngImagePlugin.py:198] - 2024-11-25 18:58:01,919 - DEBUG - STREAM b'gAMA' 54 4
[PngImagePlugin.py:198] - 2024-11-25 18:58:01,919 - DEBUG - STREAM b'pHYs' 70 9
[PngImagePlugin.py:198] - 2024-11-25 18:58:01,919 - DEBUG - STREAM b'IDAT' 91 766
[PngImagePlugin.py:198] - 2024-11-25 18:58:01,919 - DEBUG - STREAM b'IHDR' 16 13
[PngImagePlugin.py:198] - 2024-11-25 18:58:01,919 - DEBUG - STREAM b'sRGB' 41 1
[PngImagePlugin.py:198] - 2024-11-25 18:58:01,919 - DEBUG - STREAM b'gAMA' 54 4
[PngImagePlugin.py:198] - 2024-11-25 18:58:01,919 - DEBUG - STREAM b'pHYs' 70 9
[PngImagePlugin.py:198] - 2024-11-25 18:58:01,919 - DEBUG - STREAM b'IDAT' 91 601
[PngImagePlugin.py:198] - 2024-11-25 18:58:01,920 - DEBUG - STREAM b'IHDR' 16 13
[PngImagePlugin.py:198] - 2024-11-25 18:58:01,920 - DEBUG - STREAM b'sRGB' 41 1
[PngImagePlugin.py:198] - 2024-11-25 18:58:01,920 - DEBUG - STREAM b'gAMA' 54 4
[PngImagePlugin.py:198] - 2024-11-25 18:58:01,920 - DEBUG - STREAM b'pHYs' 70 9
[PngImagePlugin.py:198] - 2024-11-25 18:58:01,920 - DEBUG - STREAM b'IDAT' 91 1063
[PngImagePlugin.py:198] - 2024-11-25 18:58:56,945 - DEBUG - STREAM b'IHDR' 16 13
[PngImagePlugin.py:198] - 2024-11-25 18:58:56,945 - DEBUG - STREAM b'sRGB' 41 1
[PngImagePlugin.py:198] - 2024-11-25 18:58:56,945 - DEBUG - STREAM b'IDAT' 54 8192
[PngImagePlugin.py:198] - 2024-11-25 18:58:56,947 - DEBUG - STREAM b'IHDR' 16 13
[PngImagePlugin.py:198] - 2024-11-25 18:58:56,947 - DEBUG - STREAM b'sRGB' 41 1
[PngImagePlugin.py:198] - 2024-11-25 18:58:56,947 - DEBUG - STREAM b'IDAT' 54 8192
[PngImagePlugin.py:198] - 2024-11-25 18:58:56,947 - DEBUG - STREAM b'IHDR' 16 13
[PngImagePlugin.py:198] - 2024-11-25 18:58:56,947 - DEBUG - STREAM b'sRGB' 41 1
[PngImagePlugin.py:198] - 2024-11-25 18:58:56,947 - DEBUG - STREAM b'IDAT' 54 8192
[PngImagePlugin.py:198] - 2024-11-25 18:58:56,947 - DEBUG - STREAM b'IHDR' 16 13
[PngImagePlugin.py:198] - 2024-11-25 18:58:56,947 - DEBUG - STREAM b'sRGB' 41 1
[PngImagePlugin.py:198] - 2024-11-25 18:58:56,947 - DEBUG - STREAM b'gAMA' 54 4
[PngImagePlugin.py:198] - 2024-11-25 18:58:56,947 - DEBUG - STREAM b'pHYs' 70 9
[PngImagePlugin.py:198] - 2024-11-25 18:58:56,947 - DEBUG - STREAM b'IDAT' 91 766
[PngImagePlugin.py:198] - 2024-11-25 18:58:56,947 - DEBUG - STREAM b'IHDR' 16 13
[PngImagePlugin.py:198] - 2024-11-25 18:58:56,947 - DEBUG - STREAM b'sRGB' 41 1
[PngImagePlugin.py:198] - 2024-11-25 18:58:56,947 - DEBUG - STREAM b'gAMA' 54 4
[PngImagePlugin.py:198] - 2024-11-25 18:58:56,947 - DEBUG - STREAM b'pHYs' 70 9
[PngImagePlugin.py:198] - 2024-11-25 18:58:56,947 - DEBUG - STREAM b'IDAT' 91 601
[PngImagePlugin.py:198] - 2024-11-25 18:58:56,947 - DEBUG - STREAM b'IHDR' 16 13
[PngImagePlugin.py:198] - 2024-11-25 18:58:56,947 - DEBUG - STREAM b'sRGB' 41 1
[PngImagePlugin.py:198] - 2024-11-25 18:58:56,947 - DEBUG - STREAM b'gAMA' 54 4
[PngImagePlugin.py:198] - 2024-11-25 18:58:56,947 - DEBUG - STREAM b'pHYs' 70 9
[PngImagePlugin.py:198] - 2024-11-25 18:58:56,947 - DEBUG - STREAM b'IDAT' 91 1063
[PngImagePlugin.py:198] - 2024-11-25 18:59:40,891 - DEBUG - STREAM b'IHDR' 16 13
[PngImagePlugin.py:198] - 2024-11-25 18:59:40,892 - DEBUG - STREAM b'sRGB' 41 1
[PngImagePlugin.py:198] - 2024-11-25 18:59:40,892 - DEBUG - STREAM b'IDAT' 54 8192
[PngImagePlugin.py:198] - 2024-11-25 18:59:40,892 - DEBUG - STREAM b'IHDR' 16 13
[PngImagePlugin.py:198] - 2024-11-25 18:59:40,892 - DEBUG - STREAM b'sRGB' 41 1
[PngImagePlugin.py:198] - 2024-11-25 18:59:40,892 - DEBUG - STREAM b'IDAT' 54 8192
[PngImagePlugin.py:198] - 2024-11-25 18:59:40,892 - DEBUG - STREAM b'IHDR' 16 13
[PngImagePlugin.py:198] - 2024-11-25 18:59:40,893 - DEBUG - STREAM b'sRGB' 41 1
[PngImagePlugin.py:198] - 2024-11-25 18:59:40,893 - DEBUG - STREAM b'IDAT' 54 8192
[PngImagePlugin.py:198] - 2024-11-25 18:59:40,893 - DEBUG - STREAM b'IHDR' 16 13
[PngImagePlugin.py:198] - 2024-11-25 18:59:40,893 - DEBUG - STREAM b'sRGB' 41 1
[PngImagePlugin.py:198] - 2024-11-25 18:59:40,893 - DEBUG - STREAM b'gAMA' 54 4
[PngImagePlugin.py:198] - 2024-11-25 18:59:40,893 - DEBUG - STREAM b'pHYs' 70 9
[PngImagePlugin.py:198] - 2024-11-25 18:59:40,893 - DEBUG - STREAM b'IDAT' 91 766
[PngImagePlugin.py:198] - 2024-11-25 18:59:40,893 - DEBUG - STREAM b'IHDR' 16 13
[PngImagePlugin.py:198] - 2024-11-25 18:59:40,893 - DEBUG - STREAM b'sRGB' 41 1
[PngImagePlugin.py:198] - 2024-11-25 18:59:40,893 - DEBUG - STREAM b'gAMA' 54 4
[PngImagePlugin.py:198] - 2024-11-25 18:59:40,893 - DEBUG - STREAM b'pHYs' 70 9
[PngImagePlugin.py:198] - 2024-11-25 18:59:40,893 - DEBUG - STREAM b'IDAT' 91 601
[PngImagePlugin.py:198] - 2024-11-25 18:59:40,893 - DEBUG - STREAM b'IHDR' 16 13
[PngImagePlugin.py:198] - 2024-11-25 18:59:40,893 - DEBUG - STREAM b'sRGB' 41 1
[PngImagePlugin.py:198] - 2024-11-25 18:59:40,893 - DEBUG - STREAM b'gAMA' 54 4
[PngImagePlugin.py:198] - 2024-11-25 18:59:40,893 - DEBUG - STREAM b'pHYs' 70 9
[PngImagePlugin.py:198] - 2024-11-25 18:59:40,893 - DEBUG - STREAM b'IDAT' 91 1063
[builder.py:335] - 2024-11-25 18:59:46,380 - ERROR - Invalid webhook format: 
[builder.py:335] - 2024-11-25 18:59:47,338 - ERROR - Invalid webhook format: 
[PngImagePlugin.py:198] - 2024-11-25 19:01:45,436 - DEBUG - STREAM b'IHDR' 16 13
[PngImagePlugin.py:198] - 2024-11-25 19:01:45,436 - DEBUG - STREAM b'sRGB' 41 1
[PngImagePlugin.py:198] - 2024-11-25 19:01:45,436 - DEBUG - STREAM b'IDAT' 54 8192
[PngImagePlugin.py:198] - 2024-11-25 19:01:45,437 - DEBUG - STREAM b'IHDR' 16 13
[PngImagePlugin.py:198] - 2024-11-25 19:01:45,437 - DEBUG - STREAM b'sRGB' 41 1
[PngImagePlugin.py:198] - 2024-11-25 19:01:45,437 - DEBUG - STREAM b'IDAT' 54 8192
[PngImagePlugin.py:198] - 2024-11-25 19:01:45,437 - DEBUG - STREAM b'IHDR' 16 13
[PngImagePlugin.py:198] - 2024-11-25 19:01:45,437 - DEBUG - STREAM b'sRGB' 41 1
[PngImagePlugin.py:198] - 2024-11-25 19:01:45,437 - DEBUG - STREAM b'IDAT' 54 8192
[PngImagePlugin.py:198] - 2024-11-25 19:01:45,437 - DEBUG - STREAM b'IHDR' 16 13
[PngImagePlugin.py:198] - 2024-11-25 19:01:45,437 - DEBUG - STREAM b'sRGB' 41 1
[PngImagePlugin.py:198] - 2024-11-25 19:01:45,437 - DEBUG - STREAM b'gAMA' 54 4
[PngImagePlugin.py:198] - 2024-11-25 19:01:45,437 - DEBUG - STREAM b'pHYs' 70 9
[PngImagePlugin.py:198] - 2024-11-25 19:01:45,437 - DEBUG - STREAM b'IDAT' 91 766
[PngImagePlugin.py:198] - 2024-11-25 19:01:45,437 - DEBUG - STREAM b'IHDR' 16 13
[PngImagePlugin.py:198] - 2024-11-25 19:01:45,437 - DEBUG - STREAM b'sRGB' 41 1
[PngImagePlugin.py:198] - 2024-11-25 19:01:45,438 - DEBUG - STREAM b'gAMA' 54 4
[PngImagePlugin.py:198] - 2024-11-25 19:01:45,438 - DEBUG - STREAM b'pHYs' 70 9
[PngImagePlugin.py:198] - 2024-11-25 19:01:45,438 - DEBUG - STREAM b'IDAT' 91 601
[PngImagePlugin.py:198] - 2024-11-25 19:01:45,438 - DEBUG - STREAM b'IHDR' 16 13
[PngImagePlugin.py:198] - 2024-11-25 19:01:45,438 - DEBUG - STREAM b'sRGB' 41 1
[PngImagePlugin.py:198] - 2024-11-25 19:01:45,438 - DEBUG - STREAM b'gAMA' 54 4
[PngImagePlugin.py:198] - 2024-11-25 19:01:45,438 - DEBUG - STREAM b'pHYs' 70 9
[PngImagePlugin.py:198] - 2024-11-25 19:01:45,438 - DEBUG - STREAM b'IDAT' 91 1063
[PngImagePlugin.py:198] - 2024-11-25 19:02:48,489 - DEBUG - STREAM b'IHDR' 16 13
[PngImagePlugin.py:198] - 2024-11-25 19:02:48,489 - DEBUG - STREAM b'sRGB' 41 1
[PngImagePlugin.py:198] - 2024-11-25 19:02:48,489 - DEBUG - STREAM b'IDAT' 54 8192
[PngImagePlugin.py:198] - 2024-11-25 19:02:48,489 - DEBUG - STREAM b'IHDR' 16 13
[PngImagePlugin.py:198] - 2024-11-25 19:02:48,489 - DEBUG - STREAM b'sRGB' 41 1
[PngImagePlugin.py:198] - 2024-11-25 19:02:48,489 - DEBUG - STREAM b'IDAT' 54 8192
[PngImagePlugin.py:198] - 2024-11-25 19:02:48,489 - DEBUG - STREAM b'IHDR' 16 13
[PngImagePlugin.py:198] - 2024-11-25 19:02:48,489 - DEBUG - STREAM b'sRGB' 41 1
[PngImagePlugin.py:198] - 2024-11-25 19:02:48,489 - DEBUG - STREAM b'IDAT' 54 8192
[PngImagePlugin.py:198] - 2024-11-25 19:02:48,489 - DEBUG - STREAM b'IHDR' 16 13
[PngImagePlugin.py:198] - 2024-11-25 19:02:48,489 - DEBUG - STREAM b'sRGB' 41 1
[PngImagePlugin.py:198] - 2024-11-25 19:02:48,489 - DEBUG - STREAM b'gAMA' 54 4
[PngImagePlugin.py:198] - 2024-11-25 19:02:48,489 - DEBUG - STREAM b'pHYs' 70 9
[PngImagePlugin.py:198] - 2024-11-25 19:02:48,489 - DEBUG - STREAM b'IDAT' 91 766
[PngImagePlugin.py:198] - 2024-11-25 19:02:48,490 - DEBUG - STREAM b'IHDR' 16 13
[PngImagePlugin.py:198] - 2024-11-25 19:02:48,490 - DEBUG - STREAM b'sRGB' 41 1
[PngImagePlugin.py:198] - 2024-11-25 19:02:48,490 - DEBUG - STREAM b'gAMA' 54 4
[PngImagePlugin.py:198] - 2024-11-25 19:02:48,490 - DEBUG - STREAM b'pHYs' 70 9
[PngImagePlugin.py:198] - 2024-11-25 19:02:48,490 - DEBUG - STREAM b'IDAT' 91 601
[PngImagePlugin.py:198] - 2024-11-25 19:02:48,490 - DEBUG - STREAM b'IHDR' 16 13
[PngImagePlugin.py:198] - 2024-11-25 19:02:48,490 - DEBUG - STREAM b'sRGB' 41 1
[PngImagePlugin.py:198] - 2024-11-25 19:02:48,490 - DEBUG - STREAM b'gAMA' 54 4
[PngImagePlugin.py:198] - 2024-11-25 19:02:48,490 - DEBUG - STREAM b'pHYs' 70 9
[PngImagePlugin.py:198] - 2024-11-25 19:02:48,490 - DEBUG - STREAM b'IDAT' 91 1063
[PngImagePlugin.py:198] - 2024-11-25 19:03:07,916 - DEBUG - STREAM b'IHDR' 16 13
[PngImagePlugin.py:198] - 2024-11-25 19:03:07,916 - DEBUG - STREAM b'sRGB' 41 1
[PngImagePlugin.py:198] - 2024-11-25 19:03:07,918 - DEBUG - STREAM b'IDAT' 54 8192
[PngImagePlugin.py:198] - 2024-11-25 19:03:07,918 - DEBUG - STREAM b'IHDR' 16 13
[PngImagePlugin.py:198] - 2024-11-25 19:03:07,918 - DEBUG - STREAM b'sRGB' 41 1
[PngImagePlugin.py:198] - 2024-11-25 19:03:07,918 - DEBUG - STREAM b'IDAT' 54 8192
[PngImagePlugin.py:198] - 2024-11-25 19:03:07,918 - DEBUG - STREAM b'IHDR' 16 13
[PngImagePlugin.py:198] - 2024-11-25 19:03:07,918 - DEBUG - STREAM b'sRGB' 41 1
[PngImagePlugin.py:198] - 2024-11-25 19:03:07,918 - DEBUG - STREAM b'IDAT' 54 8192
[PngImagePlugin.py:198] - 2024-11-25 19:03:07,918 - DEBUG - STREAM b'IHDR' 16 13
[PngImagePlugin.py:198] - 2024-11-25 19:03:07,918 - DEBUG - STREAM b'sRGB' 41 1
[PngImagePlugin.py:198] - 2024-11-25 19:03:07,918 - DEBUG - STREAM b'gAMA' 54 4
[PngImagePlugin.py:198] - 2024-11-25 19:03:07,918 - DEBUG - STREAM b'pHYs' 70 9
[PngImagePlugin.py:198] - 2024-11-25 19:03:07,918 - DEBUG - STREAM b'IDAT' 91 766
[PngImagePlugin.py:198] - 2024-11-25 19:03:07,919 - DEBUG - STREAM b'IHDR' 16 13
[PngImagePlugin.py:198] - 2024-11-25 19:03:07,919 - DEBUG - STREAM b'sRGB' 41 1
[PngImagePlugin.py:198] - 2024-11-25 19:03:07,919 - DEBUG - STREAM b'gAMA' 54 4
[PngImagePlugin.py:198] - 2024-11-25 19:03:07,919 - DEBUG - STREAM b'pHYs' 70 9
[PngImagePlugin.py:198] - 2024-11-25 19:03:07,919 - DEBUG - STREAM b'IDAT' 91 601
[PngImagePlugin.py:198] - 2024-11-25 19:03:07,919 - DEBUG - STREAM b'IHDR' 16 13
[PngImagePlugin.py:198] - 2024-11-25 19:03:07,919 - DEBUG - STREAM b'sRGB' 41 1
[PngImagePlugin.py:198] - 2024-11-25 19:03:07,919 - DEBUG - STREAM b'gAMA' 54 4
[PngImagePlugin.py:198] - 2024-11-25 19:03:07,919 - DEBUG - STREAM b'pHYs' 70 9
[PngImagePlugin.py:198] - 2024-11-25 19:03:07,919 - DEBUG - STREAM b'IDAT' 91 1063
[PngImagePlugin.py:198] - 2024-11-25 19:04:58,234 - DEBUG - STREAM b'IHDR' 16 13
[PngImagePlugin.py:198] - 2024-11-25 19:04:58,234 - DEBUG - STREAM b'sRGB' 41 1
[PngImagePlugin.py:198] - 2024-11-25 19:04:58,234 - DEBUG - STREAM b'IDAT' 54 8192
[PngImagePlugin.py:198] - 2024-11-25 19:04:58,235 - DEBUG - STREAM b'IHDR' 16 13
[PngImagePlugin.py:198] - 2024-11-25 19:04:58,235 - DEBUG - STREAM b'sRGB' 41 1
[PngImagePlugin.py:198] - 2024-11-25 19:04:58,235 - DEBUG - STREAM b'IDAT' 54 8192
[PngImagePlugin.py:198] - 2024-11-25 19:04:58,235 - DEBUG - STREAM b'IHDR' 16 13
[PngImagePlugin.py:198] - 2024-11-25 19:04:58,235 - DEBUG - STREAM b'sRGB' 41 1
[PngImagePlugin.py:198] - 2024-11-25 19:04:58,235 - DEBUG - STREAM b'IDAT' 54 8192
[PngImagePlugin.py:198] - 2024-11-25 19:04:58,235 - DEBUG - STREAM b'IHDR' 16 13
[PngImagePlugin.py:198] - 2024-11-25 19:04:58,235 - DEBUG - STREAM b'sRGB' 41 1
[PngImagePlugin.py:198] - 2024-11-25 19:04:58,235 - DEBUG - STREAM b'gAMA' 54 4
[PngImagePlugin.py:198] - 2024-11-25 19:04:58,235 - DEBUG - STREAM b'pHYs' 70 9
[PngImagePlugin.py:198] - 2024-11-25 19:04:58,235 - DEBUG - STREAM b'IDAT' 91 766
[PngImagePlugin.py:198] - 2024-11-25 19:04:58,235 - DEBUG - STREAM b'IHDR' 16 13
[PngImagePlugin.py:198] - 2024-11-25 19:04:58,236 - DEBUG - STREAM b'sRGB' 41 1
[PngImagePlugin.py:198] - 2024-11-25 19:04:58,236 - DEBUG - STREAM b'gAMA' 54 4
[PngImagePlugin.py:198] - 2024-11-25 19:04:58,236 - DEBUG - STREAM b'pHYs' 70 9
[PngImagePlugin.py:198] - 2024-11-25 19:04:58,236 - DEBUG - STREAM b'IDAT' 91 601
[PngImagePlugin.py:198] - 2024-11-25 19:04:58,236 - DEBUG - STREAM b'IHDR' 16 13
[PngImagePlugin.py:198] - 2024-11-25 19:04:58,236 - DEBUG - STREAM b'sRGB' 41 1
[PngImagePlugin.py:198] - 2024-11-25 19:04:58,236 - DEBUG - STREAM b'gAMA' 54 4
[PngImagePlugin.py:198] - 2024-11-25 19:04:58,236 - DEBUG - STREAM b'pHYs' 70 9
[PngImagePlugin.py:198] - 2024-11-25 19:04:58,236 - DEBUG - STREAM b'IDAT' 91 1063
